<?xml version="1.0" encoding="UTF-8"?>
<!-- Generated by org.testng.reporters.JUnitXMLReporter -->
<testsuite ignored="0" hostname="LAPTOP-4NJ7NU6S" failures="1" tests="27" name="IdentifyCourses" time="295.617" errors="0" timestamp="2020-10-27T11:08:23 IST">
  <testcase classname="tests.TS_CourseSearch" name="TC_SearchTextBox" time="4.574"/>
  <testcase classname="tests.TS_CourseSearch" name="TC_SearchButtonClickable" time="2.667"/>
  <testcase classname="tests.TS_CourseSearch" name="TC_FilterLanguage" time="4.309"/>
  <testcase classname="tests.TS_CourseSearch" name="TC_FilterLevel" time="1.48"/>
  <testcase classname="tests.TS_CourseSearch" name="TC_CourseAvailability" time="1.328"/>
  <testcase classname="tests.TS_CourseSearch" name="TC_CourseDuration" time="23.813"/>
  <testcase classname="tests.TS_Filter" name="languagesDisplayed" time="9.711"/>
  <testcase classname="tests.TS_Filter" name="extractLanguageDetails" time="3.611"/>
  <testcase classname="tests.TS_Filter" name="levelsDisplayed" time="0.201"/>
  <testcase classname="tests.TS_Filter" name="extractLevelsDetails" time="0.464"/>
  <testcase classname="tests.TS_FormFillupValid" name="TC_validData" time="15.204">
    <failure type="java.lang.NullPointerException" message="Cannot invoke &amp;quot;org.apache.poi.ss.usermodel.Cell.getCellType()&amp;quot; because &amp;quot;cell&amp;quot; is null">
      <![CDATA[java.lang.NullPointerException: Cannot invoke "org.apache.poi.ss.usermodel.Cell.getCellType()" because "cell" is null
at utilities.Input.ReadExcelData(Input.java:40)
at functionalities.FormFillingFunctionality.setFormValues(FormFillingFunctionality.java:89)
at tests.TS_FormFillupValid.TC_validData(TS_FormFillupValid.java:21)
at java.base/java.util.ArrayList.forEach(ArrayList.java:1511)
... Removed 27 stack frames]]>
    </failure>
  </testcase> <!-- TC_validData -->
  <testcase classname="tests.TS_FormFillupInvalid" name="TC_InvalidEmail" time="25.644"/>
  <testcase classname="tests.TS_FormFillupInvalid" name="TC_noData1" time="10.906"/>
  <testcase classname="tests.TS_FormFillupInvalid" name="TC_wrongData" time="11.153"/>
  <testcase classname="tests.TS_FormFillupInvalid" name="TC_noData2" time="9.78"/>
  <testcase classname="tests.TS_FormFillupInvalid" name="TC_noData3" time="8.786"/>
  <testcase classname="tests.TS_FormFillupInvalid" name="TC_noData4" time="8.848"/>
  <testcase classname="tests.TS_FormFillupInvalid" name="TC_noData5" time="8.657"/>
  <testcase classname="tests.TS_FormFillupInvalid" name="TC_noData6" time="7.851"/>
  <testcase classname="tests.TS_FormFillupInvalid" name="TC_noData7" time="8.456"/>
  <testcase classname="tests.TS_FormFillupInvalid" name="TC_noData8" time="9.115"/>
  <testcase classname="tests.TS_FormFillupInvalid" name="TC_noData9" time="8.259"/>
  <testcase classname="tests.TS_FormFillupInvalid" name="TC_noData10" time="9.528"/>
  <testcase classname="tests.TS_FormFillupInvalid" name="TC_noData11" time="7.682"/>
  <testcase classname="tests.TS_FormFillupInvalid" name="TC_noData12" time="7.48"/>
  <testcase classname="tests.TS_FormFillupInvalid" name="TC_noData13" time="8.117"/>
  <testcase classname="tests.TS_FormFillupInvalid" name="TC_click1" time="1.174"/>
</testsuite> <!-- IdentifyCourses -->
