<?xml version="1.0" encoding="UTF-8"?>
<!-- Generated by org.testng.reporters.JUnitXMLReporter -->
<testsuite ignored="0" hostname="ResJammer" failures="0" tests="10" name="RegressionTesting" time="191.436" errors="0" timestamp="2020-10-28T11:07:35 IST">
  <testcase classname="tests.TS_FormFillupInvalid" name="TC_InvalidEmail" time="38.481"/>
  <testcase classname="tests.TS_FormFillupInvalid" name="TC_noData1" time="12.203"/>
  <testcase classname="tests.TS_FormFillupInvalid" name="TC_wrongData" time="12.888"/>
  <testcase classname="tests.TS_FormFillupInvalid" name="TC_noData2" time="12.498"/>
  <testcase classname="tests.TS_FormFillupInvalid" name="TC_noData3" time="12.435"/>
  <testcase classname="tests.TS_FormFillupInvalid" name="TC_noData4" time="12.502"/>
  <testcase classname="tests.TS_FormFillupInvalid" name="TC_noData5" time="15.684"/>
  <testcase classname="tests.TS_FormFillupInvalid" name="TC_noData6" time="12.619"/>
  <testcase classname="tests.TS_FormFillupInvalid" name="TC_noData7" time="17.609"/>
  <testcase classname="tests.TS_FormFillupInvalid" name="TC_noData8" time="12.129"/>
</testsuite> <!-- RegressionTesting -->
