<?xml version="1.0" encoding="UTF-8"?>
<!-- Generated by org.testng.reporters.JUnitXMLReporter -->
<testsuite ignored="0" hostname="ResJammer" failures="14" tests="14" name="SmokeTesting" time="0.573" errors="0" timestamp="2020-10-28T11:31:17 IST">
  <testcase classname="tests.TS_CourseSearch" name="TC_initiateCourse" time="0.035">
    <failure type="java.lang.NullPointerException">
      <![CDATA[java.lang.NullPointerException
at utilities.BaseUi.snap(BaseUi.java:116)
at tests.ExtentReport.onTestSuccess(ExtentReport.java:58)
at java.base/java.util.ArrayList.forEach(ArrayList.java:1541)
... Removed 24 stack frames]]>
    </failure>
  </testcase> <!-- TC_initiateCourse -->
  <testcase classname="tests.TS_CourseSearch" name="TC_SearchTextBox" time="0.022">
    <failure type="java.lang.NullPointerException">
      <![CDATA[java.lang.NullPointerException
at java.base/java.util.Objects.requireNonNull(Objects.java:221)
at org.openqa.selenium.support.ui.FluentWait.<init>(FluentWait.java:106)
at org.openqa.selenium.support.ui.WebDriverWait.<init>(WebDriverWait.java:85)
at org.openqa.selenium.support.ui.WebDriverWait.<init>(WebDriverWait.java:45)
at utilities.BaseUi.waitElementClickable(BaseUi.java:106)
at functionalities.courseDetailsFunctionality.search(courseDetailsFunctionality.java:26)
at tests.TS_CourseSearch.TC_SearchTextBox(TS_CourseSearch.java:19)
at java.base/java.util.ArrayList.forEach(ArrayList.java:1541)
... Removed 27 stack frames]]>
    </failure>
  </testcase> <!-- TC_SearchTextBox -->
  <testcase classname="tests.TS_CourseSearch" name="TC_SearchButtonClickable" time="0.008">
    <failure type="java.lang.NullPointerException">
      <![CDATA[java.lang.NullPointerException
at functionalities.courseDetailsFunctionality.searchClick(courseDetailsFunctionality.java:32)
at tests.TS_CourseSearch.TC_SearchButtonClickable(TS_CourseSearch.java:24)
at java.base/java.util.ArrayList.forEach(ArrayList.java:1541)
... Removed 27 stack frames]]>
    </failure>
  </testcase> <!-- TC_SearchButtonClickable -->
  <testcase classname="tests.TS_CourseSearch" name="TC_FilterLanguage" time="0.006">
    <failure type="java.lang.NullPointerException">
      <![CDATA[java.lang.NullPointerException
at utilities.BaseUi.pageLoad(BaseUi.java:132)
at functionalities.courseDetailsFunctionality.filterLanguage(courseDetailsFunctionality.java:40)
at tests.TS_CourseSearch.TC_FilterLanguage(TS_CourseSearch.java:29)
at java.base/java.util.ArrayList.forEach(ArrayList.java:1541)
... Removed 27 stack frames]]>
    </failure>
  </testcase> <!-- TC_FilterLanguage -->
  <testcase classname="tests.TS_CourseSearch" name="TC_FilterLevel" time="0.002">
    <failure type="java.lang.NullPointerException">
      <![CDATA[java.lang.NullPointerException
at functionalities.courseDetailsFunctionality.filterLevel(courseDetailsFunctionality.java:63)
at tests.TS_CourseSearch.TC_FilterLevel(TS_CourseSearch.java:34)
at java.base/java.util.ArrayList.forEach(ArrayList.java:1541)
... Removed 27 stack frames]]>
    </failure>
  </testcase> <!-- TC_FilterLevel -->
  <testcase classname="tests.TS_CourseSearch" name="TC_CourseAvailability" time="0.002">
    <failure type="java.lang.NullPointerException">
      <![CDATA[java.lang.NullPointerException
at utilities.BaseUi.pageLoad(BaseUi.java:132)
at functionalities.courseDetailsFunctionality.getCourseDetails(courseDetailsFunctionality.java:83)
at tests.TS_CourseSearch.TC_CourseAvailability(TS_CourseSearch.java:39)
at java.base/java.util.ArrayList.forEach(ArrayList.java:1541)
... Removed 27 stack frames]]>
    </failure>
  </testcase> <!-- TC_CourseAvailability -->
  <testcase classname="tests.TS_CourseSearch" name="TC_CourseDuration" time="0.002">
    <failure type="java.lang.NullPointerException">
      <![CDATA[java.lang.NullPointerException
at java.base/java.util.Objects.requireNonNull(Objects.java:221)
at org.openqa.selenium.support.ui.FluentWait.<init>(FluentWait.java:106)
at org.openqa.selenium.support.ui.WebDriverWait.<init>(WebDriverWait.java:85)
at org.openqa.selenium.support.ui.WebDriverWait.<init>(WebDriverWait.java:45)
at functionalities.courseDetailsFunctionality.getCourseDuration(courseDetailsFunctionality.java:99)
at tests.TS_CourseSearch.TC_CourseDuration(TS_CourseSearch.java:44)
at java.base/java.util.ArrayList.forEach(ArrayList.java:1541)
... Removed 27 stack frames]]>
    </failure>
  </testcase> <!-- TC_CourseDuration -->
  <testcase classname="tests.TS_Filter" name="TC_initiateClasses" time="0.005">
    <failure type="java.lang.NullPointerException">
      <![CDATA[java.lang.NullPointerException
at utilities.BaseUi.snap(BaseUi.java:116)
at tests.ExtentReport.onTestSuccess(ExtentReport.java:58)
at java.base/java.util.ArrayList.forEach(ArrayList.java:1541)
... Removed 24 stack frames]]>
    </failure>
  </testcase> <!-- TC_initiateClasses -->
  <testcase classname="tests.TS_Filter" name="languagesDisplayed" time="0.016">
    <failure type="java.lang.NullPointerException">
      <![CDATA[java.lang.NullPointerException
at java.base/java.util.Objects.requireNonNull(Objects.java:221)
at org.openqa.selenium.support.ui.FluentWait.<init>(FluentWait.java:106)
at org.openqa.selenium.support.ui.WebDriverWait.<init>(WebDriverWait.java:85)
at org.openqa.selenium.support.ui.WebDriverWait.<init>(WebDriverWait.java:45)
at utilities.BaseUi.waitElementClickable(BaseUi.java:106)
at functionalities.courseDetailsFunctionality.search(courseDetailsFunctionality.java:26)
at tests.TS_Filter.languagesDisplayed(TS_Filter.java:24)
at java.base/java.util.ArrayList.forEach(ArrayList.java:1541)
... Removed 27 stack frames]]>
    </failure>
  </testcase> <!-- languagesDisplayed -->
  <testcase classname="tests.TS_Filter" name="extractLanguageDetails" time="0.008">
    <failure type="java.lang.NullPointerException">
      <![CDATA[java.lang.NullPointerException
at functionalities.filterFunctionality.extractLanguageDetails(filterFunctionality.java:41)
at tests.TS_Filter.extractLanguageDetails(TS_Filter.java:31)
at java.base/java.util.ArrayList.forEach(ArrayList.java:1541)
... Removed 27 stack frames]]>
    </failure>
  </testcase> <!-- extractLanguageDetails -->
  <testcase classname="tests.TS_Filter" name="levelsDisplayed" time="0.004">
    <failure type="java.lang.NullPointerException">
      <![CDATA[java.lang.NullPointerException
at java.base/java.util.Objects.requireNonNull(Objects.java:221)
at org.openqa.selenium.support.ui.FluentWait.<init>(FluentWait.java:106)
at org.openqa.selenium.support.ui.WebDriverWait.<init>(WebDriverWait.java:85)
at org.openqa.selenium.support.ui.WebDriverWait.<init>(WebDriverWait.java:45)
at utilities.BaseUi.waitElementClickable(BaseUi.java:106)
at functionalities.filterFunctionality.setLevels(filterFunctionality.java:70)
at tests.TS_Filter.levelsDisplayed(TS_Filter.java:36)
at java.base/java.util.ArrayList.forEach(ArrayList.java:1541)
... Removed 27 stack frames]]>
    </failure>
  </testcase> <!-- levelsDisplayed -->
  <testcase classname="tests.TS_Filter" name="extractLevelsDetails" time="0.004">
    <failure type="java.lang.NullPointerException">
      <![CDATA[java.lang.NullPointerException
at functionalities.filterFunctionality.extractLevelDetails(filterFunctionality.java:84)
at tests.TS_Filter.extractLevelsDetails(TS_Filter.java:41)
at java.base/java.util.ArrayList.forEach(ArrayList.java:1541)
... Removed 27 stack frames]]>
    </failure>
  </testcase> <!-- extractLevelsDetails -->
  <testcase classname="tests.TS_FormFillupValid" name="TC_initiateCourse" time="0.015">
    <failure type="java.lang.NullPointerException">
      <![CDATA[java.lang.NullPointerException
at utilities.BaseUi.snap(BaseUi.java:116)
at tests.ExtentReport.onTestSuccess(ExtentReport.java:58)
at java.base/java.util.ArrayList.forEach(ArrayList.java:1541)
... Removed 24 stack frames]]>
    </failure>
  </testcase> <!-- TC_initiateCourse -->
  <testcase classname="tests.TS_FormFillupValid" name="TC_validData" time="0.004">
    <failure type="java.lang.NullPointerException">
      <![CDATA[java.lang.NullPointerException
at functionalities.FormFillingFunctionality.getCourse(FormFillingFunctionality.java:24)
at tests.TS_FormFillupValid.TC_validData(TS_FormFillupValid.java:19)
at java.base/java.util.ArrayList.forEach(ArrayList.java:1541)
... Removed 27 stack frames]]>
    </failure>
  </testcase> <!-- TC_validData -->
</testsuite> <!-- SmokeTesting -->
