<?xml version="1.0" encoding="UTF-8"?>
<!-- Generated by org.testng.reporters.JUnitXMLReporter -->
<testsuite ignored="0" hostname="ResJammer" failures="0" tests="10" name="Regresion_Test" time="171.832" errors="0" timestamp="2020-10-28T14:38:35 IST">
  <testcase classname="tests.TS_FormFillupInvalid" name="TC_InvalidEmail" time="23.756"/>
  <testcase classname="tests.TS_FormFillupInvalid" name="TC_noData1" time="13.204"/>
  <testcase classname="tests.TS_FormFillupInvalid" name="TC_wrongData" time="12.561"/>
  <testcase classname="tests.TS_FormFillupInvalid" name="TC_noData2" time="14.488"/>
  <testcase classname="tests.TS_FormFillupInvalid" name="TC_noData3" time="13.489"/>
  <testcase classname="tests.TS_FormFillupInvalid" name="TC_noData4" time="16.49"/>
  <testcase classname="tests.TS_FormFillupInvalid" name="TC_noData5" time="13.545"/>
  <testcase classname="tests.TS_FormFillupInvalid" name="TC_noData6" time="14.173"/>
  <testcase classname="tests.TS_FormFillupInvalid" name="TC_noData7" time="12.422"/>
  <testcase classname="tests.TS_FormFillupInvalid" name="TC_noData8" time="12.654"/>
</testsuite> <!-- Regresion_Test -->
