<?xml version="1.0" encoding="UTF-8"?>
<!-- Generated by org.testng.reporters.JUnitXMLReporter -->
<testsuite ignored="0" hostname="ResJammer" failures="0" tests="11" name="Smoke_Test" time="141.993" errors="0" timestamp="2020-10-28T14:35:43 IST">
  <testcase classname="tests.TS_CourseSearch" name="TC_SearchTextBox" time="1.069"/>
  <testcase classname="tests.TS_CourseSearch" name="TC_SearchButtonClickable" time="2.008"/>
  <testcase classname="tests.TS_CourseSearch" name="TC_FilterLanguage" time="5.805"/>
  <testcase classname="tests.TS_CourseSearch" name="TC_FilterLevel" time="2.146"/>
  <testcase classname="tests.TS_CourseSearch" name="TC_CourseAvailability" time="0.157"/>
  <testcase classname="tests.TS_CourseSearch" name="TC_CourseDuration" time="5.937"/>
  <testcase classname="tests.TS_Filter" name="languagesDisplayed" time="11.403"/>
  <testcase classname="tests.TS_Filter" name="extractLanguageDetails" time="1.772"/>
  <testcase classname="tests.TS_Filter" name="levelsDisplayed" time="0.809"/>
  <testcase classname="tests.TS_Filter" name="extractLevelsDetails" time="0.136"/>
  <testcase classname="tests.TS_FormFillupValid" name="TC_validData" time="29.54"/>
</testsuite> <!-- Smoke_Test -->
