<?xml version="1.0" encoding="UTF-8"?>
<testng-results ignored="0" total="21" passed="21" failed="0" skipped="0">
  <reporter-output>
  </reporter-output>
  <suite started-at="2020-10-28T14:33:21 IST" name="Smoke_Suite" finished-at="2020-10-28T14:35:43 IST" duration-ms="141993">
    <groups>
    </groups>
    <test started-at="2020-10-28T14:33:21 IST" name="Smoke_Test" finished-at="2020-10-28T14:35:43 IST" duration-ms="141993">
      <class name="tests.TS_CourseSearch">
        <test-method is-config="true" signature="TC_initiateCourse()[pri:0, instance:tests.TS_CourseSearch@40cb8df7]" started-at="2020-10-28T14:33:21 IST" name="TC_initiateCourse" finished-at="2020-10-28T14:33:21 IST" duration-ms="14" status="PASS">
          <reporter-output>
          </reporter-output>
        </test-method> <!-- TC_initiateCourse -->
        <test-method is-config="true" signature="openWebsite()[pri:0, instance:tests.TS_CourseSearch@40cb8df7]" started-at="2020-10-28T14:33:21 IST" name="openWebsite" finished-at="2020-10-28T14:33:43 IST" duration-ms="21712" status="PASS">
          <reporter-output>
          </reporter-output>
        </test-method> <!-- openWebsite -->
        <test-method signature="TC_SearchTextBox()[pri:1, instance:tests.TS_CourseSearch@40cb8df7]" started-at="2020-10-28T14:33:43 IST" name="TC_SearchTextBox" finished-at="2020-10-28T14:33:44 IST" duration-ms="1069" status="PASS">
          <reporter-output>
          </reporter-output>
        </test-method> <!-- TC_SearchTextBox -->
        <test-method signature="TC_SearchButtonClickable()[pri:2, instance:tests.TS_CourseSearch@40cb8df7]" started-at="2020-10-28T14:33:44 IST" name="TC_SearchButtonClickable" finished-at="2020-10-28T14:33:46 IST" duration-ms="2008" status="PASS">
          <reporter-output>
          </reporter-output>
        </test-method> <!-- TC_SearchButtonClickable -->
        <test-method signature="TC_FilterLanguage()[pri:3, instance:tests.TS_CourseSearch@40cb8df7]" started-at="2020-10-28T14:33:47 IST" name="TC_FilterLanguage" finished-at="2020-10-28T14:33:52 IST" duration-ms="5805" status="PASS">
          <reporter-output>
          </reporter-output>
        </test-method> <!-- TC_FilterLanguage -->
        <test-method signature="TC_FilterLevel()[pri:4, instance:tests.TS_CourseSearch@40cb8df7]" started-at="2020-10-28T14:33:53 IST" name="TC_FilterLevel" finished-at="2020-10-28T14:33:55 IST" duration-ms="2146" status="PASS">
          <reporter-output>
          </reporter-output>
        </test-method> <!-- TC_FilterLevel -->
        <test-method signature="TC_CourseAvailability()[pri:5, instance:tests.TS_CourseSearch@40cb8df7]" started-at="2020-10-28T14:33:55 IST" name="TC_CourseAvailability" finished-at="2020-10-28T14:33:55 IST" duration-ms="157" status="PASS">
          <reporter-output>
          </reporter-output>
        </test-method> <!-- TC_CourseAvailability -->
        <test-method signature="TC_CourseDuration()[pri:6, instance:tests.TS_CourseSearch@40cb8df7]" started-at="2020-10-28T14:33:55 IST" name="TC_CourseDuration" finished-at="2020-10-28T14:34:01 IST" duration-ms="5937" status="PASS">
          <reporter-output>
          </reporter-output>
        </test-method> <!-- TC_CourseDuration -->
        <test-method is-config="true" signature="exitBrowser()[pri:0, instance:tests.TS_CourseSearch@40cb8df7]" started-at="2020-10-28T14:34:01 IST" name="exitBrowser" finished-at="2020-10-28T14:34:04 IST" duration-ms="3152" status="PASS">
          <reporter-output>
          </reporter-output>
        </test-method> <!-- exitBrowser -->
      </class> <!-- tests.TS_CourseSearch -->
      <class name="tests.TS_Filter">
        <test-method is-config="true" signature="TC_initiateClasses()[pri:0, instance:tests.TS_Filter@13b13b5d]" started-at="2020-10-28T14:33:21 IST" name="TC_initiateClasses" finished-at="2020-10-28T14:33:21 IST" duration-ms="2" status="PASS">
          <reporter-output>
          </reporter-output>
        </test-method> <!-- TC_initiateClasses -->
        <test-method is-config="true" signature="openWebsite()[pri:0, instance:tests.TS_Filter@13b13b5d]" started-at="2020-10-28T14:34:04 IST" name="openWebsite" finished-at="2020-10-28T14:34:27 IST" duration-ms="22776" status="PASS">
          <reporter-output>
          </reporter-output>
        </test-method> <!-- openWebsite -->
        <test-method signature="languagesDisplayed()[pri:1, instance:tests.TS_Filter@13b13b5d]" started-at="2020-10-28T14:34:27 IST" name="languagesDisplayed" finished-at="2020-10-28T14:34:39 IST" duration-ms="11403" status="PASS">
          <reporter-output>
          </reporter-output>
        </test-method> <!-- languagesDisplayed -->
        <test-method signature="extractLanguageDetails()[pri:2, instance:tests.TS_Filter@13b13b5d]" started-at="2020-10-28T14:34:39 IST" name="extractLanguageDetails" finished-at="2020-10-28T14:34:41 IST" duration-ms="1772" status="PASS">
          <reporter-output>
          </reporter-output>
        </test-method> <!-- extractLanguageDetails -->
        <test-method signature="levelsDisplayed()[pri:3, instance:tests.TS_Filter@13b13b5d]" started-at="2020-10-28T14:34:41 IST" name="levelsDisplayed" finished-at="2020-10-28T14:34:41 IST" duration-ms="809" status="PASS">
          <reporter-output>
          </reporter-output>
        </test-method> <!-- levelsDisplayed -->
        <test-method signature="extractLevelsDetails()[pri:4, instance:tests.TS_Filter@13b13b5d]" started-at="2020-10-28T14:34:42 IST" name="extractLevelsDetails" finished-at="2020-10-28T14:34:42 IST" duration-ms="136" status="PASS">
          <reporter-output>
          </reporter-output>
        </test-method> <!-- extractLevelsDetails -->
        <test-method is-config="true" signature="exitBrowser()[pri:0, instance:tests.TS_Filter@13b13b5d]" started-at="2020-10-28T14:34:42 IST" name="exitBrowser" finished-at="2020-10-28T14:34:45 IST" duration-ms="2698" status="PASS">
          <reporter-output>
          </reporter-output>
        </test-method> <!-- exitBrowser -->
      </class> <!-- tests.TS_Filter -->
      <class name="tests.TS_FormFillupValid">
        <test-method is-config="true" signature="TC_initiateCourse()[pri:0, instance:tests.TS_FormFillupValid@2892dae4]" started-at="2020-10-28T14:33:21 IST" name="TC_initiateCourse" finished-at="2020-10-28T14:33:21 IST" duration-ms="0" status="PASS">
          <reporter-output>
          </reporter-output>
        </test-method> <!-- TC_initiateCourse -->
        <test-method is-config="true" signature="openWebsite()[pri:0, instance:tests.TS_FormFillupValid@2892dae4]" started-at="2020-10-28T14:34:45 IST" name="openWebsite" finished-at="2020-10-28T14:35:10 IST" duration-ms="25185" status="PASS">
          <reporter-output>
          </reporter-output>
        </test-method> <!-- openWebsite -->
        <test-method signature="TC_validData()[pri:1, instance:tests.TS_FormFillupValid@2892dae4]" started-at="2020-10-28T14:35:10 IST" name="TC_validData" finished-at="2020-10-28T14:35:39 IST" duration-ms="29540" status="PASS">
          <reporter-output>
          </reporter-output>
        </test-method> <!-- TC_validData -->
        <test-method is-config="true" signature="exitBrowser()[pri:0, instance:tests.TS_FormFillupValid@2892dae4]" started-at="2020-10-28T14:35:39 IST" name="exitBrowser" finished-at="2020-10-28T14:35:43 IST" duration-ms="3488" status="PASS">
          <reporter-output>
          </reporter-output>
        </test-method> <!-- exitBrowser -->
      </class> <!-- tests.TS_FormFillupValid -->
    </test> <!-- Smoke_Test -->
  </suite> <!-- Smoke_Suite -->
  <suite started-at="2020-10-28T14:38:36 IST" name="Hackathon_DataDriver" finished-at="2020-10-28T14:38:36 IST" duration-ms="0">
    <groups>
    </groups>
  </suite> <!-- Hackathon_DataDriver -->
  <suite started-at="2020-10-28T14:35:43 IST" name="Regression_Suite" finished-at="2020-10-28T14:38:35 IST" duration-ms="171832">
    <groups>
    </groups>
    <test started-at="2020-10-28T14:35:43 IST" name="Regresion_Test" finished-at="2020-10-28T14:38:35 IST" duration-ms="171832">
      <class name="tests.TS_FormFillupInvalid">
        <test-method is-config="true" signature="openWebsite()[pri:0, instance:tests.TS_FormFillupInvalid@2bfc268b]" started-at="2020-10-28T14:35:43 IST" name="openWebsite" finished-at="2020-10-28T14:36:04 IST" duration-ms="20159" status="PASS">
          <reporter-output>
          </reporter-output>
        </test-method> <!-- openWebsite -->
        <test-method signature="TC_InvalidEmail()[pri:1, instance:tests.TS_FormFillupInvalid@2bfc268b]" started-at="2020-10-28T14:36:04 IST" name="TC_InvalidEmail" finished-at="2020-10-28T14:36:27 IST" duration-ms="23756" status="PASS">
          <reporter-output>
          </reporter-output>
        </test-method> <!-- TC_InvalidEmail -->
        <test-method signature="TC_noData1()[pri:2, instance:tests.TS_FormFillupInvalid@2bfc268b]" started-at="2020-10-28T14:36:27 IST" name="TC_noData1" finished-at="2020-10-28T14:36:41 IST" duration-ms="13204" status="PASS">
          <reporter-output>
          </reporter-output>
        </test-method> <!-- TC_noData1 -->
        <test-method signature="TC_wrongData()[pri:3, instance:tests.TS_FormFillupInvalid@2bfc268b]" started-at="2020-10-28T14:36:41 IST" name="TC_wrongData" finished-at="2020-10-28T14:36:53 IST" duration-ms="12561" status="PASS">
          <reporter-output>
          </reporter-output>
        </test-method> <!-- TC_wrongData -->
        <test-method signature="TC_noData2()[pri:4, instance:tests.TS_FormFillupInvalid@2bfc268b]" started-at="2020-10-28T14:36:53 IST" name="TC_noData2" finished-at="2020-10-28T14:37:08 IST" duration-ms="14488" status="PASS">
          <reporter-output>
          </reporter-output>
        </test-method> <!-- TC_noData2 -->
        <test-method signature="TC_noData3()[pri:5, instance:tests.TS_FormFillupInvalid@2bfc268b]" started-at="2020-10-28T14:37:08 IST" name="TC_noData3" finished-at="2020-10-28T14:37:21 IST" duration-ms="13489" status="PASS">
          <reporter-output>
          </reporter-output>
        </test-method> <!-- TC_noData3 -->
        <test-method signature="TC_noData4()[pri:6, instance:tests.TS_FormFillupInvalid@2bfc268b]" started-at="2020-10-28T14:37:21 IST" name="TC_noData4" finished-at="2020-10-28T14:37:38 IST" duration-ms="16490" status="PASS">
          <reporter-output>
          </reporter-output>
        </test-method> <!-- TC_noData4 -->
        <test-method signature="TC_noData5()[pri:7, instance:tests.TS_FormFillupInvalid@2bfc268b]" started-at="2020-10-28T14:37:38 IST" name="TC_noData5" finished-at="2020-10-28T14:37:52 IST" duration-ms="13545" status="PASS">
          <reporter-output>
          </reporter-output>
        </test-method> <!-- TC_noData5 -->
        <test-method signature="TC_noData6()[pri:8, instance:tests.TS_FormFillupInvalid@2bfc268b]" started-at="2020-10-28T14:37:52 IST" name="TC_noData6" finished-at="2020-10-28T14:38:06 IST" duration-ms="14173" status="PASS">
          <reporter-output>
          </reporter-output>
        </test-method> <!-- TC_noData6 -->
        <test-method signature="TC_noData7()[pri:9, instance:tests.TS_FormFillupInvalid@2bfc268b]" started-at="2020-10-28T14:38:06 IST" name="TC_noData7" finished-at="2020-10-28T14:38:18 IST" duration-ms="12422" status="PASS">
          <reporter-output>
          </reporter-output>
        </test-method> <!-- TC_noData7 -->
        <test-method signature="TC_noData8()[pri:10, instance:tests.TS_FormFillupInvalid@2bfc268b]" started-at="2020-10-28T14:38:18 IST" name="TC_noData8" finished-at="2020-10-28T14:38:31 IST" duration-ms="12654" status="PASS">
          <reporter-output>
          </reporter-output>
        </test-method> <!-- TC_noData8 -->
        <test-method is-config="true" signature="exitBrowser()[pri:0, instance:tests.TS_FormFillupInvalid@2bfc268b]" started-at="2020-10-28T14:38:31 IST" name="exitBrowser" finished-at="2020-10-28T14:38:35 IST" duration-ms="3989" status="PASS">
          <reporter-output>
          </reporter-output>
        </test-method> <!-- exitBrowser -->
      </class> <!-- tests.TS_FormFillupInvalid -->
    </test> <!-- Regresion_Test -->
  </suite> <!-- Regression_Suite -->
</testng-results>
